<?xml version="1.0" encoding="UTF-8"?>
<testsuite xmlns:xsi="http://www.w3.org/2001/XMLSchema-instance" xsi:noNamespaceSchemaLocation="https://maven.apache.org/surefire/maven-surefire-plugin/xsd/surefire-test-report.xsd" name="shoppingapp.ProductTest" time="0.016" tests="10" errors="0" skipped="0" failures="0">
  <properties>
[...]
</properties>
  <testcase name="testDigitalProductQuantity" classname="shoppingapp.ProductTest" time="0"/>
  <testcase name="testDigitalProductWeight" classname="shoppingapp.ProductTest" time="0"/>
  <testcase name="testPhysicalProductQuantity" classname="shoppingapp.ProductTest" time="0"/>
  <testcase name="testDigitalProductPrice" classname="shoppingapp.ProductTest" time="0"/>
  <testcase name="testPhysicalProductDesc" classname="shoppingapp.ProductTest" time="0"/>
  <testcase name="testPhysicalProductName" classname="shoppingapp.ProductTest" time="0"/>
  <testcase name="testDigiProductName" classname="shoppingapp.ProductTest" time="0"/>
  <testcase name="testDigitalProductDesc" classname="shoppingapp.ProductTest" time="0"/>
  <testcase name="testPhysicalProductWeight" classname="shoppingapp.ProductTest" time="0"/>
  <testcase name="testPhysicalProductPrice" classname="shoppingapp.ProductTest" time="0"/>
</testsuite>